<?xml version="1.0" encoding="UTF-8"?>
<!-- Generated by org.testng.reporters.JUnitReportReporter -->
<testsuite skipped="0" hostname="ind006509" name="com.testng.maven.TestClass" tests="1" failures="0" timestamp="2021-02-02T14:23:25 IST" time="0.001" errors="0">
  <testcase name="f" time="0.001" classname="com.testng.maven.TestClass"/>
  <system-out/>
</testsuite> <!-- com.testng.maven.TestClass -->
